<?xml version="1.0" encoding="UTF-8"?>
<!-- Generated by org.testng.reporters.JUnitXMLReporter -->
<testsuite ignored="0" hostname="LAPTOP-3TCEP752" failures="1" tests="1" name="Edge Test" time="4.4" errors="0" timestamp="2024-05-07T10:41:10 IST">
  <testcase classname="diyBackend.DIY" name="loginTest" time="3.721">
    <failure type="org.openqa.selenium.ElementNotInteractableException" message="element not interactable
  (Session info: MicrosoftEdge=124.0.2478.80)
Build info: version: &amp;apos;4.19.1&amp;apos;, revision: &amp;apos;abe0ee07dc&amp;apos;
System info: os.name: &amp;apos;Windows 11&amp;apos;, os.arch: &amp;apos;amd64&amp;apos;, os.version: &amp;apos;10.0&amp;apos;, java.version: &amp;apos;17.0.8.1&amp;apos;
Driver info: org.openqa.selenium.edge.EdgeDriver
Command: [50e018c1b4b640c4fff7824a61c97090, sendKeysToElement {value=[Ljava.lang.CharSequence;@7d0cc890, id=f.741F72596DD2F7DA9C71A2C699FEA931.d.7FECFADF948311FD2ED2AC947800CC2F.e.16}]
Capabilities {acceptInsecureCerts: false, browserName: MicrosoftEdge, browserVersion: 124.0.2478.80, fedcm:accounts: true, ms:edgeOptions: {debuggerAddress: localhost:62027}, msedge: {msedgedriverVersion: 124.0.2478.80 (b05b378d1705..., userDataDir: C:\Users\jaipu\AppData\Loca...}, networkConnectionEnabled: false, pageLoadStrategy: normal, platformName: windows, proxy: Proxy(), se:cdp: ws://localhost:62027/devtoo..., se:cdpVersion: 124.0.2478.80, setWindowRect: true, strictFileInteractability: false, timeouts: {implicit: 0, pageLoad: 300000, script: 30000}, unhandledPromptBehavior: dismiss and notify, webauthn:extension:credBlob: true, webauthn:extension:largeBlob: true, webauthn:extension:minPinLength: true, webauthn:extension:prf: true, webauthn:virtualAuthenticators: true}
Element: [[EdgeDriver: MicrosoftEdge on windows (50e018c1b4b640c4fff7824a61c97090)] -&amp;gt; xpath: //div[@class=&amp;apos;flex space-x-2&amp;apos;]]
Session ID: 50e018c1b4b640c4fff7824a61c97090">
      <![CDATA[org.openqa.selenium.ElementNotInteractableException: element not interactable
  (Session info: MicrosoftEdge=124.0.2478.80)
Build info: version: '4.19.1', revision: 'abe0ee07dc'
System info: os.name: 'Windows 11', os.arch: 'amd64', os.version: '10.0', java.version: '17.0.8.1'
Driver info: org.openqa.selenium.edge.EdgeDriver
Command: [50e018c1b4b640c4fff7824a61c97090, sendKeysToElement {value=[Ljava.lang.CharSequence;@7d0cc890, id=f.741F72596DD2F7DA9C71A2C699FEA931.d.7FECFADF948311FD2ED2AC947800CC2F.e.16}]
Capabilities {acceptInsecureCerts: false, browserName: MicrosoftEdge, browserVersion: 124.0.2478.80, fedcm:accounts: true, ms:edgeOptions: {debuggerAddress: localhost:62027}, msedge: {msedgedriverVersion: 124.0.2478.80 (b05b378d1705..., userDataDir: C:\Users\jaipu\AppData\Loca...}, networkConnectionEnabled: false, pageLoadStrategy: normal, platformName: windows, proxy: Proxy(), se:cdp: ws://localhost:62027/devtoo..., se:cdpVersion: 124.0.2478.80, setWindowRect: true, strictFileInteractability: false, timeouts: {implicit: 0, pageLoad: 300000, script: 30000}, unhandledPromptBehavior: dismiss and notify, webauthn:extension:credBlob: true, webauthn:extension:largeBlob: true, webauthn:extension:minPinLength: true, webauthn:extension:prf: true, webauthn:virtualAuthenticators: true}
Element: [[EdgeDriver: MicrosoftEdge on windows (50e018c1b4b640c4fff7824a61c97090)] -> xpath: //div[@class='flex space-x-2']]
Session ID: 50e018c1b4b640c4fff7824a61c97090
at org.openqa.selenium.remote.ErrorCodec.decode(ErrorCodec.java:167)
at org.openqa.selenium.remote.codec.w3c.W3CHttpResponseCodec.decode(W3CHttpResponseCodec.java:138)
at org.openqa.selenium.remote.codec.w3c.W3CHttpResponseCodec.decode(W3CHttpResponseCodec.java:50)
at org.openqa.selenium.remote.HttpCommandExecutor.execute(HttpCommandExecutor.java:190)
at org.openqa.selenium.remote.service.DriverCommandExecutor.invokeExecute(DriverCommandExecutor.java:216)
at org.openqa.selenium.remote.service.DriverCommandExecutor.execute(DriverCommandExecutor.java:174)
at org.openqa.selenium.remote.RemoteWebDriver.execute(RemoteWebDriver.java:518)
at org.openqa.selenium.remote.RemoteWebElement.execute(RemoteWebElement.java:223)
at org.openqa.selenium.remote.RemoteWebElement.sendKeys(RemoteWebElement.java:110)
at diyBackend.DIY.text(DIY.java:66)
at diyBackend.DIY.loginTest(DIY.java:101)
at java.base/java.util.ArrayList.forEach(ArrayList.java:1511)
... Removed 32 stack frames]]>
    </failure>
  </testcase> <!-- loginTest -->
</testsuite> <!-- Edge Test -->
